<?xml version="1.0" encoding="UTF-8"?>
<!-- Generated by org.testng.reporters.JUnitXMLReporter -->
<testsuite ignored="1" hostname="DESKTOP-MSCIP15" failures="0" tests="1" name="Default test" time="1.97" errors="0" timestamp="2025-07-12T03:27:01 GMT-07:00">
  <testcase classname="tests.FundsTransferTest" name="testValidFundTransfer" time="1.869"/>
  <testcase classname="tests.FundsTransferTest" name="testInvalidFundTransfer" time="0.0">
    <ignored/>
  </testcase> <!-- testInvalidFundTransfer -->
</testsuite> <!-- Default test -->
