<?xml version="1.0" encoding="UTF-8"?>
<!-- Generated by org.testng.reporters.JUnitXMLReporter -->
<testsuite ignored="23" hostname="DESKTOP-MSCIP15" failures="0" tests="17" name="ChromeTests" time="102.095" errors="0" timestamp="2025-08-06T08:43:40 GMT-07:00">
  <testcase classname="tests.FundsTransferTest" name="testInvalidFundTransfer" time="1.983"/>
  <testcase classname="tests.RequestLoanTest" name="testLoanExceedingLimit" time="0.769"/>
  <testcase classname="tests.RequestLoanTest" name="testMissingLoanDetails" time="0.693"/>
  <testcase classname="tests.TransactionSearchTest" name="testSearchByAmount" time="1.245"/>
  <testcase classname="tests.TransactionSearchTest" name="testSearchByDate" time="1.186"/>
  <testcase classname="tests.CustomerSupportTest" name="testSubmitFormWithEmptyFields" time="1.105"/>
  <testcase classname="tests.CustomerSupportTest" name="testSubmitFormWithValidDetails" time="1.147"/>
  <testcase classname="tests.FundsTransferTest" name="testValidFundTransfer" time="1.732"/>
  <testcase classname="tests.RequestLoanTest" name="testValidLoanRequest" time="0.738"/>
  <testcase classname="tests.CustomerSupportTest" name="testVerifySuccessMessage" time="1.079"/>
  <testcase classname="tests.AccountTest" name="viewCheckingAccountSummary" time="3.457"/>
  <testcase classname="tests.AccountTest" name="viewSavingsAccountSummary" time="9.001"/>
  <testcase classname="tests.LoginTest" name="loginWithInvalidPassword" time="12.51"/>
  <testcase classname="tests.LoginTest" name="loginWithUnregisteredUser" time="10.45"/>
  <testcase classname="tests.LoginTest" name="loginWithEmptyFields" time="12.991"/>
  <testcase classname="tests.LoginTest" name="loginWithInvalidEmailFormat" time="12.448"/>
  <testcase classname="tests.LoginTest" name="loginWithValidCredentials" time="11.221"/>
  <testcase classname="base.BaseTest" name="@AfterSuite flushReport" time="0.0">
    <ignored/>
  </testcase> <!-- @AfterSuite flushReport -->
  <testcase classname="base.BaseTest" name="@BeforeSuite startExtentReport" time="0.0">
    <ignored/>
  </testcase> <!-- @BeforeSuite startExtentReport -->
  <testcase classname="base.BaseTest" name="@BeforeSuite startExtentReport" time="0.0">
    <ignored/>
  </testcase> <!-- @BeforeSuite startExtentReport -->
  <testcase classname="base.TestBaseSuite" name="@AfterTest teardown" time="0.0">
    <ignored/>
  </testcase> <!-- @AfterTest teardown -->
  <testcase classname="base.TestBaseSuite" name="@BeforeTest setup" time="0.0">
    <ignored/>
  </testcase> <!-- @BeforeTest setup -->
  <testcase classname="base.BaseTest" name="@AfterSuite flushReport" time="0.0">
    <ignored/>
  </testcase> <!-- @AfterSuite flushReport -->
  <testcase classname="tests.LoginTest" name="sessionTimeoutTest" time="0.0">
    <ignored/>
  </testcase> <!-- sessionTimeoutTest -->
  <testcase classname="base.TestBaseSuite" name="@AfterTest teardown" time="0.0">
    <ignored/>
  </testcase> <!-- @AfterTest teardown -->
  <testcase classname="tests.LoginTest" name="verifyPasswordFieldIsMasked" time="0.0">
    <ignored/>
  </testcase> <!-- verifyPasswordFieldIsMasked -->
  <testcase classname="base.TestBaseSuite" name="@BeforeTest setup" time="0.0">
    <ignored/>
  </testcase> <!-- @BeforeTest setup -->
  <testcase classname="base.BaseTest" name="@BeforeSuite startExtentReport" time="0.0">
    <ignored/>
  </testcase> <!-- @BeforeSuite startExtentReport -->
  <testcase classname="base.TestBaseSuite" name="@AfterTest teardown" time="0.0">
    <ignored/>
  </testcase> <!-- @AfterTest teardown -->
  <testcase classname="tests.LoginTest" name="rememberMeFunctionality" time="0.0">
    <ignored/>
  </testcase> <!-- rememberMeFunctionality -->
  <testcase classname="base.TestBaseSuite" name="@AfterTest teardown" time="0.0">
    <ignored/>
  </testcase> <!-- @AfterTest teardown -->
  <testcase classname="base.BaseTest" name="@AfterSuite flushReport" time="0.0">
    <ignored/>
  </testcase> <!-- @AfterSuite flushReport -->
  <testcase classname="base.BaseTest" name="@BeforeSuite startExtentReport" time="0.0">
    <ignored/>
  </testcase> <!-- @BeforeSuite startExtentReport -->
  <testcase classname="base.TestBaseSuite" name="@AfterTest teardown" time="0.0">
    <ignored/>
  </testcase> <!-- @AfterTest teardown -->
  <testcase classname="base.TestBaseSuite" name="@BeforeTest setup" time="0.0">
    <ignored/>
  </testcase> <!-- @BeforeTest setup -->
  <testcase classname="base.BaseTest" name="@AfterSuite flushReport" time="0.0">
    <ignored/>
  </testcase> <!-- @AfterSuite flushReport -->
  <testcase classname="base.BaseTest" name="@BeforeSuite startExtentReport" time="0.0">
    <ignored/>
  </testcase> <!-- @BeforeSuite startExtentReport -->
  <testcase classname="base.TestBaseSuite" name="@BeforeTest setup" time="0.0">
    <ignored/>
  </testcase> <!-- @BeforeTest setup -->
  <testcase classname="base.TestBaseSuite" name="@BeforeTest setup" time="0.0">
    <ignored/>
  </testcase> <!-- @BeforeTest setup -->
  <testcase classname="base.BaseTest" name="@AfterSuite flushReport" time="0.0">
    <ignored/>
  </testcase> <!-- @AfterSuite flushReport -->
</testsuite> <!-- ChromeTests -->
