<?xml version="1.0" encoding="UTF-8"?>
<!-- Generated by org.testng.reporters.JUnitXMLReporter -->
<testsuite ignored="23" hostname="DESKTOP-MSCIP15" failures="0" tests="17" name="CrossBrowserTests" time="95.951" errors="0" timestamp="2025-08-05T01:44:23 GMT-07:00">
  <testcase classname="tests.LoginTest" name="loginWithInvalidPassword" time="12.942"/>
  <testcase classname="tests.LoginTest" name="loginWithUnregisteredUser" time="11.066"/>
  <testcase classname="tests.LoginTest" name="loginWithEmptyFields" time="13.152"/>
  <testcase classname="tests.LoginTest" name="loginWithInvalidEmailFormat" time="12.984"/>
  <testcase classname="tests.LoginTest" name="loginWithValidCredentials" time="11.335"/>
  <testcase classname="tests.AccountTest" name="viewCheckingAccountSummary" time="2.617"/>
  <testcase classname="tests.AccountTest" name="viewSavingsAccountSummary" time="21.119"/>
  <testcase classname="tests.FundsTransferTest" name="testInvalidFundTransfer" time="1.274"/>
  <testcase classname="tests.FundsTransferTest" name="testValidFundTransfer" time="1.169"/>
  <testcase classname="tests.TransactionSearchTest" name="testSearchByAmount" time="1.172"/>
  <testcase classname="tests.TransactionSearchTest" name="testSearchByDate" time="1.164"/>
  <testcase classname="tests.RequestLoanTest" name="testLoanExceedingLimit" time="0.749"/>
  <testcase classname="tests.RequestLoanTest" name="testMissingLoanDetails" time="0.651"/>
  <testcase classname="tests.RequestLoanTest" name="testValidLoanRequest" time="1.141"/>
  <testcase classname="tests.CustomerSupportTest" name="testSubmitFormWithEmptyFields" time="1.104"/>
  <testcase classname="tests.CustomerSupportTest" name="testSubmitFormWithValidDetails" time="1.107"/>
  <testcase classname="tests.CustomerSupportTest" name="testVerifySuccessMessage" time="1.048"/>
  <testcase classname="base.TestBaseSuite" name="@AfterSuite teardownSuite" time="0.0">
    <ignored/>
  </testcase> <!-- @AfterSuite teardownSuite -->
  <testcase classname="base.BaseTest" name="@AfterSuite flushReport" time="0.0">
    <ignored/>
  </testcase> <!-- @AfterSuite flushReport -->
  <testcase classname="tests.LoginTest" name="sessionTimeoutTest" time="0.0">
    <ignored/>
  </testcase> <!-- sessionTimeoutTest -->
  <testcase classname="base.TestBaseSuite" name="@BeforeSuite setupSuite" time="0.0">
    <ignored/>
  </testcase> <!-- @BeforeSuite setupSuite -->
  <testcase classname="base.TestBaseSuite" name="@AfterSuite teardownSuite" time="0.0">
    <ignored/>
  </testcase> <!-- @AfterSuite teardownSuite -->
  <testcase classname="base.BaseTest" name="@BeforeSuite startExtentReport" time="0.0">
    <ignored/>
  </testcase> <!-- @BeforeSuite startExtentReport -->
  <testcase classname="tests.LoginTest" name="rememberMeFunctionality" time="0.0">
    <ignored/>
  </testcase> <!-- rememberMeFunctionality -->
  <testcase classname="base.BaseTest" name="@BeforeSuite startExtentReport" time="0.0">
    <ignored/>
  </testcase> <!-- @BeforeSuite startExtentReport -->
  <testcase classname="tests.LoginTest" name="verifyPasswordFieldIsMasked" time="0.0">
    <ignored/>
  </testcase> <!-- verifyPasswordFieldIsMasked -->
  <testcase classname="base.BaseTest" name="@AfterSuite flushReport" time="0.0">
    <ignored/>
  </testcase> <!-- @AfterSuite flushReport -->
  <testcase classname="base.BaseTest" name="@AfterSuite flushReport" time="0.0">
    <ignored/>
  </testcase> <!-- @AfterSuite flushReport -->
  <testcase classname="base.BaseTest" name="@BeforeSuite startExtentReport" time="0.0">
    <ignored/>
  </testcase> <!-- @BeforeSuite startExtentReport -->
  <testcase classname="base.TestBaseSuite" name="@AfterSuite teardownSuite" time="0.0">
    <ignored/>
  </testcase> <!-- @AfterSuite teardownSuite -->
  <testcase classname="base.TestBaseSuite" name="@BeforeSuite setupSuite" time="0.0">
    <ignored/>
  </testcase> <!-- @BeforeSuite setupSuite -->
  <testcase classname="base.TestBaseSuite" name="@BeforeSuite setupSuite" time="0.0">
    <ignored/>
  </testcase> <!-- @BeforeSuite setupSuite -->
  <testcase classname="base.BaseTest" name="@BeforeSuite startExtentReport" time="0.0">
    <ignored/>
  </testcase> <!-- @BeforeSuite startExtentReport -->
  <testcase classname="base.TestBaseSuite" name="@AfterSuite teardownSuite" time="0.0">
    <ignored/>
  </testcase> <!-- @AfterSuite teardownSuite -->
  <testcase classname="base.BaseTest" name="@BeforeSuite startExtentReport" time="0.0">
    <ignored/>
  </testcase> <!-- @BeforeSuite startExtentReport -->
  <testcase classname="base.TestBaseSuite" name="@AfterSuite teardownSuite" time="0.0">
    <ignored/>
  </testcase> <!-- @AfterSuite teardownSuite -->
  <testcase classname="base.BaseTest" name="@AfterSuite flushReport" time="0.0">
    <ignored/>
  </testcase> <!-- @AfterSuite flushReport -->
  <testcase classname="base.TestBaseSuite" name="@BeforeSuite setupSuite" time="0.0">
    <ignored/>
  </testcase> <!-- @BeforeSuite setupSuite -->
  <testcase classname="base.TestBaseSuite" name="@BeforeSuite setupSuite" time="0.0">
    <ignored/>
  </testcase> <!-- @BeforeSuite setupSuite -->
  <testcase classname="base.BaseTest" name="@AfterSuite flushReport" time="0.0">
    <ignored/>
  </testcase> <!-- @AfterSuite flushReport -->
</testsuite> <!-- CrossBrowserTests -->
