<?xml version="1.0" encoding="UTF-8"?>
<!-- Generated by org.testng.reporters.JUnitXMLReporter -->
<testsuite ignored="23" hostname="DESKTOP-MSCIP15" failures="0" tests="17" name="EdgeTests" time="106.423" errors="0" timestamp="2025-08-06T08:43:44 GMT-07:00">
  <testcase classname="tests.FundsTransferTest" name="testInvalidFundTransfer" time="1.977"/>
  <testcase classname="tests.RequestLoanTest" name="testLoanExceedingLimit" time="0.791"/>
  <testcase classname="tests.RequestLoanTest" name="testMissingLoanDetails" time="0.68"/>
  <testcase classname="tests.TransactionSearchTest" name="testSearchByAmount" time="1.237"/>
  <testcase classname="tests.TransactionSearchTest" name="testSearchByDate" time="1.237"/>
  <testcase classname="tests.CustomerSupportTest" name="testSubmitFormWithEmptyFields" time="1.685"/>
  <testcase classname="tests.CustomerSupportTest" name="testSubmitFormWithValidDetails" time="1.262"/>
  <testcase classname="tests.FundsTransferTest" name="testValidFundTransfer" time="1.248"/>
  <testcase classname="tests.RequestLoanTest" name="testValidLoanRequest" time="0.693"/>
  <testcase classname="tests.CustomerSupportTest" name="testVerifySuccessMessage" time="1.157"/>
  <testcase classname="tests.AccountTest" name="viewCheckingAccountSummary" time="3.513"/>
  <testcase classname="tests.AccountTest" name="viewSavingsAccountSummary" time="8.581"/>
  <testcase classname="tests.LoginTest" name="loginWithInvalidPassword" time="12.981"/>
  <testcase classname="tests.LoginTest" name="loginWithUnregisteredUser" time="11.038"/>
  <testcase classname="tests.LoginTest" name="loginWithEmptyFields" time="12.511"/>
  <testcase classname="tests.LoginTest" name="loginWithInvalidEmailFormat" time="12.542"/>
  <testcase classname="tests.LoginTest" name="loginWithValidCredentials" time="12.806"/>
  <testcase classname="base.TestBaseSuite" name="@BeforeTest setup" time="0.0">
    <ignored/>
  </testcase> <!-- @BeforeTest setup -->
  <testcase classname="base.TestBaseSuite" name="@AfterTest teardown" time="0.0">
    <ignored/>
  </testcase> <!-- @AfterTest teardown -->
  <testcase classname="base.TestBaseSuite" name="@AfterTest teardown" time="0.0">
    <ignored/>
  </testcase> <!-- @AfterTest teardown -->
  <testcase classname="base.TestBaseSuite" name="@BeforeTest setup" time="0.0">
    <ignored/>
  </testcase> <!-- @BeforeTest setup -->
  <testcase classname="base.BaseTest" name="@BeforeSuite startExtentReport" time="0.0">
    <ignored/>
  </testcase> <!-- @BeforeSuite startExtentReport -->
  <testcase classname="base.TestBaseSuite" name="@AfterTest teardown" time="0.0">
    <ignored/>
  </testcase> <!-- @AfterTest teardown -->
  <testcase classname="base.BaseTest" name="@AfterSuite flushReport" time="0.0">
    <ignored/>
  </testcase> <!-- @AfterSuite flushReport -->
  <testcase classname="base.TestBaseSuite" name="@BeforeTest setup" time="0.0">
    <ignored/>
  </testcase> <!-- @BeforeTest setup -->
  <testcase classname="base.BaseTest" name="@BeforeSuite startExtentReport" time="0.0">
    <ignored/>
  </testcase> <!-- @BeforeSuite startExtentReport -->
  <testcase classname="tests.LoginTest" name="verifyPasswordFieldIsMasked" time="0.0">
    <ignored/>
  </testcase> <!-- verifyPasswordFieldIsMasked -->
  <testcase classname="base.TestBaseSuite" name="@AfterTest teardown" time="0.0">
    <ignored/>
  </testcase> <!-- @AfterTest teardown -->
  <testcase classname="tests.LoginTest" name="sessionTimeoutTest" time="0.0">
    <ignored/>
  </testcase> <!-- sessionTimeoutTest -->
  <testcase classname="base.TestBaseSuite" name="@AfterTest teardown" time="0.0">
    <ignored/>
  </testcase> <!-- @AfterTest teardown -->
  <testcase classname="base.BaseTest" name="@AfterSuite flushReport" time="0.0">
    <ignored/>
  </testcase> <!-- @AfterSuite flushReport -->
  <testcase classname="base.BaseTest" name="@AfterSuite flushReport" time="0.0">
    <ignored/>
  </testcase> <!-- @AfterSuite flushReport -->
  <testcase classname="base.BaseTest" name="@AfterSuite flushReport" time="0.0">
    <ignored/>
  </testcase> <!-- @AfterSuite flushReport -->
  <testcase classname="base.TestBaseSuite" name="@BeforeTest setup" time="0.0">
    <ignored/>
  </testcase> <!-- @BeforeTest setup -->
  <testcase classname="base.BaseTest" name="@AfterSuite flushReport" time="0.0">
    <ignored/>
  </testcase> <!-- @AfterSuite flushReport -->
  <testcase classname="base.BaseTest" name="@BeforeSuite startExtentReport" time="0.0">
    <ignored/>
  </testcase> <!-- @BeforeSuite startExtentReport -->
  <testcase classname="base.BaseTest" name="@BeforeSuite startExtentReport" time="0.0">
    <ignored/>
  </testcase> <!-- @BeforeSuite startExtentReport -->
  <testcase classname="tests.LoginTest" name="rememberMeFunctionality" time="0.0">
    <ignored/>
  </testcase> <!-- rememberMeFunctionality -->
  <testcase classname="base.BaseTest" name="@BeforeSuite startExtentReport" time="0.0">
    <ignored/>
  </testcase> <!-- @BeforeSuite startExtentReport -->
  <testcase classname="base.TestBaseSuite" name="@BeforeTest setup" time="0.0">
    <ignored/>
  </testcase> <!-- @BeforeTest setup -->
</testsuite> <!-- EdgeTests -->
