<?xml version="1.0" encoding="UTF-8"?>
<!-- Generated by org.testng.reporters.JUnitReportReporter -->
<testsuite hostname="DESKTOP-MSCIP15" failures="0" tests="8" name="tests.LoginTest" time="34.959" errors="0" timestamp="2025-06-28T07:24:07 GMT-07:00" skipped="1">
  <testcase classname="tests.LoginTest" name="loginWithEmptyFields" time="6.332"/>
  <testcase classname="tests.LoginTest" name="loginWithInvalidEmailFormat" time="4.715"/>
  <testcase classname="tests.LoginTest" name="loginWithValidCredentials" time="5.014"/>
  <testcase classname="tests.LoginTest" name="loginWithInvalidPassword" time="5.363"/>
  <testcase classname="tests.LoginTest" name="rememberMeFunctionality" time="5.567"/>
  <testcase classname="tests.LoginTest" name="verifyPasswordFieldIsMasked" time="3.374"/>
  <testcase classname="tests.LoginTest" name="loginWithUnregisteredUser" time="4.594"/>
  <testcase classname="tests.LoginTest" name="sessionTimeoutTest">
    <skipped/>
  </testcase> <!-- sessionTimeoutTest -->
</testsuite> <!-- tests.LoginTest -->
